<?xml version="1.0" encoding="UTF-8"?>
<testsuite name="com.cognizant.mortgagelender.MortageLenderTestCases" tests="6" skipped="0" failures="0" errors="0" timestamp="2021-05-01T16:16:43" hostname="LTUS149678" time="0.061">
  <properties/>
  <testcase name="mortageLenderWithNonZeroFundThenShowAvailableFundAsNonZero()" classname="com.cognizant.mortgagelender.MortageLenderTestCases" time="0.044"/>
  <testcase name="mortageLenderDepositZeroAmountThenAvailableFundNotUpdated()" classname="com.cognizant.mortgagelender.MortageLenderTestCases" time="0.002"/>
  <testcase name="mortageLenderDepositNonZeroAmountOneTimeThenAvailableFundUpdated()" classname="com.cognizant.mortgagelender.MortageLenderTestCases" time="0.002"/>
  <testcase name="mortageLenderDepositNegativeAmountThenNegativeNumberException()" classname="com.cognizant.mortgagelender.MortageLenderTestCases" time="0.004"/>
  <testcase name="mortageLenderDepositNonZeroAmountTwiceThenAvailableFundUpdated()" classname="com.cognizant.mortgagelender.MortageLenderTestCases" time="0.001"/>
  <testcase name="mortageLenderWithZeroFundThenShowAvailableFundAsZero()" classname="com.cognizant.mortgagelender.MortageLenderTestCases" time="0.001"/>
  <system-out><![CDATA[]]></system-out>
  <system-err><![CDATA[]]></system-err>
</testsuite>
